<?xml version="1.0" encoding="UTF-8"?>
<!-- Generated by org.testng.reporters.JUnitReportReporter -->
<testsuite skipped="0" hostname="VASARAJA-IN" name="runner.RunTest2" tests="5" failures="0" timestamp="04 Mar 2018 23:49:19 GMT" time="25.036" errors="0">
  <testcase name="runScenario" time="5.010" classname="runner.RunTest2"/>
  <testcase name="runScenario" time="5.016" classname="runner.RunTest2"/>
  <testcase name="runScenario" time="5.001" classname="runner.RunTest2"/>
  <testcase name="runScenario" time="5.002" classname="runner.RunTest2"/>
  <testcase name="runScenario" time="5.007" classname="runner.RunTest2"/>
</testsuite> <!-- runner.RunTest2 -->
