<?xml version="1.0" encoding="UTF-8"?>
<!-- Generated by org.testng.reporters.JUnitReportReporter -->
<testsuite skipped="0" hostname="VASARAJA-IN" name="runner.RunTest" tests="4" failures="0" timestamp="04 Mar 2018 23:47:56 GMT" time="25.086" errors="0">
  <testcase name="runScenario" time="5.018" classname="runner.RunTest"/>
  <testcase name="runScenario" time="5.018" classname="runner.RunTest"/>
  <testcase name="runScenario" time="10.032" classname="runner.RunTest"/>
  <testcase name="runScenario" time="5.018" classname="runner.RunTest"/>
</testsuite> <!-- runner.RunTest -->
